<?xml version="1.0" encoding="UTF-8"?>
<!-- Generated by org.testng.reporters.JUnitReportReporter -->
<testsuite hostname="DESKTOP-1H2CHHT" failures="0" tests="1" name="api.tests.Usertests2" time="6.362" errors="0" timestamp="2024-11-12T18:48:02 IST" skipped="0">
  <testcase classname="api.tests.Usertests2" name="testPostUser" time="6.362"/>
</testsuite> <!-- api.tests.Usertests2 -->
