<?xml version="1.0" encoding="UTF-8"?>
<!-- Generated by org.testng.reporters.JUnitReportReporter -->
<testsuite hostname="DESKTOP-1H2CHHT" failures="0" tests="3" name="api.tests.DataDrivenTests" time="8.924" errors="0" timestamp="2024-11-12T19:03:48 IST" skipped="0">
  <testcase classname="api.tests.DataDrivenTests" name="testPostUser" time="5.879"/>
  <testcase classname="api.tests.DataDrivenTests" name="testPostUser" time="1.627"/>
  <testcase classname="api.tests.DataDrivenTests" name="testPostUser" time="1.418"/>
</testsuite> <!-- api.tests.DataDrivenTests -->
